<?xml version="1.0" encoding="UTF-8"?>
<!-- Generated by org.testng.reporters.JUnitXMLReporter -->
<testsuite ignored="0" hostname="AkshayHP" failures="0" tests="4" name="Default test" time="139.566" errors="0" timestamp="2024-02-24T23:23:27 IST">
  <testcase classname="testCases.TestClass" name="verifyTopLevelMenuTest" time="11.21"/>
  <testcase classname="testCases.TestClass" name="verifyReqADemoBtnTest" time="101.351"/>
  <testcase classname="testCases.TestClass" name="verifyMarketingFormSubmissionErrorMessagePassTest" time="8.74"/>
  <testcase classname="testCases.TestClass" name="verifyMarketingFormSubmissionErrorMessageFailTest" time="2.946"/>
</testsuite> <!-- Default test -->
