<?xml version="1.0" encoding="UTF-8"?>
<testng-results ignored="0" total="4" passed="4" failed="0" skipped="0">
  <reporter-output>
  </reporter-output>
  <suite started-at="2024-02-24T23:21:07 IST" name="Default suite" finished-at="2024-02-24T23:23:27 IST" duration-ms="139566">
    <groups>
    </groups>
    <test started-at="2024-02-24T23:21:07 IST" name="Default test" finished-at="2024-02-24T23:23:27 IST" duration-ms="139566">
      <class name="testCases.TestClass">
        <test-method is-config="true" signature="beforeTestCase()[pri:0, instance:testCases.TestClass@7ce69770]" started-at="2024-02-24T23:21:07 IST" name="beforeTestCase" finished-at="2024-02-24T23:21:22 IST" duration-ms="14769" status="PASS">
          <reporter-output>
          </reporter-output>
        </test-method> <!-- beforeTestCase -->
        <test-method signature="verifyTopLevelMenuTest()[pri:1, instance:testCases.TestClass@7ce69770]" started-at="2024-02-24T23:21:22 IST" name="verifyTopLevelMenuTest" finished-at="2024-02-24T23:21:33 IST" duration-ms="11210" status="PASS">
          <reporter-output>
          </reporter-output>
        </test-method> <!-- verifyTopLevelMenuTest -->
        <test-method signature="verifyReqADemoBtnTest()[pri:2, instance:testCases.TestClass@7ce69770]" started-at="2024-02-24T23:21:33 IST" name="verifyReqADemoBtnTest" finished-at="2024-02-24T23:23:15 IST" duration-ms="101351" status="PASS">
          <reporter-output>
          </reporter-output>
        </test-method> <!-- verifyReqADemoBtnTest -->
        <test-method signature="verifyMarketingFormSubmissionErrorMessagePassTest()[pri:3, instance:testCases.TestClass@7ce69770]" started-at="2024-02-24T23:23:15 IST" name="verifyMarketingFormSubmissionErrorMessagePassTest" finished-at="2024-02-24T23:23:23 IST" duration-ms="8740" status="PASS">
          <reporter-output>
          </reporter-output>
        </test-method> <!-- verifyMarketingFormSubmissionErrorMessagePassTest -->
        <test-method signature="verifyMarketingFormSubmissionErrorMessageFailTest()[pri:4, instance:testCases.TestClass@7ce69770]" started-at="2024-02-24T23:23:23 IST" name="verifyMarketingFormSubmissionErrorMessageFailTest" finished-at="2024-02-24T23:23:26 IST" duration-ms="2946" status="PASS">
          <reporter-output>
          </reporter-output>
        </test-method> <!-- verifyMarketingFormSubmissionErrorMessageFailTest -->
        <test-method is-config="true" signature="afterTestCase()[pri:0, instance:testCases.TestClass@7ce69770]" started-at="2024-02-24T23:23:26 IST" name="afterTestCase" finished-at="2024-02-24T23:23:27 IST" duration-ms="465" status="PASS">
          <reporter-output>
          </reporter-output>
        </test-method> <!-- afterTestCase -->
      </class> <!-- testCases.TestClass -->
    </test> <!-- Default test -->
  </suite> <!-- Default suite -->
</testng-results>
